{"level":"info","message":"Lauren Eve Mayberry","service":"user-service"}
{"level":"info","message":"Lauren Eve Mayberry","service":"app.js"}
{"level":"info","message":"Lauren Eve Mayberry","service":"app.js"}
{"level":"info","message":"Lauren Eve Mayberry","service":"app.js"}
{"level":"info","message":"Lauren Eve Mayberry","service":"app.js"}
{"level":"info","message":"Lauren Eve Mayberry","service":"app.js"}
{"Fecha":"2025-03-18T04:06:29.589Z","level":"error","message":"error Ocurrio un problema","service":"app.js"}
{"level":"info","message":"Lauren Eve Mayberry","service":"app.js"}
{"Fecha":"2025-03-18T04:07:28.799Z","level":"error","message":"error Ocurrio un problema","service":"app.js"}
{"level":"info","message":"Lauren Eve Mayberry","service":"app.js","timestamp":"2025-03-18T04:11:15.344Z"}
{"Fecha":"2025-03-18T04:11:15.346Z","level":"error","message":"error Ocurrio un problema","service":"app.js","timestamp":"2025-03-18T04:11:15.346Z"}
{"level":"info","message":"Lauren Eve Mayberry","service":"app.js","timestamp":"2025-03-18T04:11:33.312Z"}
{"level":"error","message":"error Ocurrio un problema","service":"app.js","timestamp":"2025-03-18T04:11:33.315Z"}
{"level":"info","message":"Lauren Eve Mayberry","service":"app.js","timestamp":"2025-03-17 22:17:53"}
{"level":"error","message":"error Ocurrio un problema","service":"app.js","timestamp":"2025-03-17 22:17:53"}
{"level":"info","message":"Lauren Eve Mayberry","service":"app.js","timestamp":"2025-03-17 22:18:21"}
{"level":"error","message":"error Ocurrio un problema","service":"app.js","timestamp":"2025-03-17 22:18:21"}
{"level":"info","message":"Lauren Eve Mayberry","service":"app.js","timestamp":"2025-03-17 22:19:06"}
{"level":"error","message":"error Ocurrio un problema","service":"app.js","timestamp":"2025-03-17 22:19:06"}
{"level":"info","message":"Lauren Eve Mayberry","service":"app.js","timestamp":"2025-03-22 22:54:30"}
{"level":"error","message":"error Ocurrio un problema","service":"app.js","timestamp":"2025-03-22 22:54:30"}
